37 error Error: Command failed with exit code 1: git add -- packages/assembly/package.json packages/transform/package.json packages/transform/package-lock.json packages/glue/package.json packages/glue/package-lock.json packages/core/package.json lerna.json
37 error warning: LF will be replaced by CRLF in lerna.json.
37 error The file will have its original line endings in your working directory
37 error warning: LF will be replaced by CRLF in packages/assembly/package.json.
37 error The file will have its original line endings in your working directory
37 error warning: LF will be replaced by CRLF in packages/core/package.json.
37 error The file will have its original line endings in your working directory
37 error warning: LF will be replaced by CRLF in packages/glue/package.json.
37 error The file will have its original line endings in your working directory
37 error warning: LF will be replaced by CRLF in packages/transform/package.json.
37 error The file will have its original line endings in your working directory
37 error The following paths are ignored by one of your .gitignore files:
37 error packages/glue/package-lock.json
37 error packages/transform/package-lock.json
37 error hint: Use -f if you really want to add them.
37 error hint: Turn this message off by running
37 error hint: "git config advice.addIgnoredFile false"
37 error     at makeError (C:\Users\Joshua Tenner\projects\as-covers\node_modules\execa\lib\error.js:60:11)
37 error     at handlePromise (C:\Users\Joshua Tenner\projects\as-covers\node_modules\execa\index.js:118:26)
37 error     at processTicksAndRejections (node:internal/process/task_queues:96:5)
37 error     at async Promise.all (index 0)
